This is XeTeX, Version 3.14159265-2.6-0.99998 (TeX Live 2017) (preloaded format=xelatex 2017.8.8)  24 AUG 2017 08:12
entering extended mode
 restricted \write18 enabled.
 %&-line parsing enabled.
**-
(/usr/local/texlive/2017/texmf-dist/tex/latex/tools/h.tex
LaTeX2e <2017-04-15>
Babel <3.12> and hyphenation patterns for 84 language(s) loaded.

! The file name provided could not be found.
Use `<enter>' to continue processing,
`S' to scroll future errors
`R' to run without stopping,
`Q' to run quietly,
or `X' to terminate TeX
! .
l.45 \errmessage{}
                  
? Q
OK, entering \batchmode...
)
! Emergency stop.
<*> -
     
*** (job aborted, no legal \end found)

 
Here is how much of TeX's memory you used:
 6 strings out of 492998
 170 string characters out of 6134492
 61708 words of memory out of 5000000
 4084 multiletter control sequences out of 15000+600000
 3640 words of font info for 14 fonts, out of 8000000 for 9000
 1348 hyphenation exceptions out of 8191
 5i,0n,1p,81b,8s stack positions out of 5000i,500n,10000p,200000b,80000s
No pages of output.
