\BOOKMARK [1][-]{section.1}{시작하기}{}% 1
\BOOKMARK [1][-]{section.2}{목표}{}% 2
\BOOKMARK [1][-]{section.3}{제공하는 가치}{}% 3
\BOOKMARK [1][-]{section.4}{제공하지 않는 가치}{}% 4
\BOOKMARK [1][-]{section.5}{공부해야 할 주제}{}% 5
\BOOKMARK [1][-]{section.6}{프론트엔드}{}% 6
\BOOKMARK [1][-]{section.7}{백엔드}{}% 7
\BOOKMARK [2][-]{subsection.7.1}{흘러가는 기술들}{section.7}% 8
\BOOKMARK [1][-]{section.8}{database}{}% 9
\BOOKMARK [1][-]{section.9}{네트워크}{}% 10
\BOOKMARK [1][-]{section.10}{텍스트 에디터}{}% 11
\BOOKMARK [1][-]{section.11}{통합 개발 환경}{}% 12
\BOOKMARK [1][-]{section.12}{버전 관리 시스템}{}% 13
\BOOKMARK [2][-]{subsection.12.1}{도구 선택과 사용}{section.12}% 14
\BOOKMARK [1][-]{section.13}{기초 자료 구조}{}% 15
\BOOKMARK [2][-]{subsection.13.1}{배열과 리스트}{section.13}% 16
\BOOKMARK [2][-]{subsection.13.2}{해시}{section.13}% 17
\BOOKMARK [2][-]{subsection.13.3}{트리}{section.13}% 18
\BOOKMARK [2][-]{subsection.13.4}{계산복잡도}{section.13}% 19
\BOOKMARK [1][-]{section.14}{리눅스}{}% 20
\BOOKMARK [1][-]{section.15}{도커}{}% 21
\BOOKMARK [1][-]{section.16}{AWS}{}% 22
\BOOKMARK [1][-]{section.17}{마무리}{}% 23
